2014-11-26 14:30:45 5268 [Note] Plugin 'FEDERATED' is disabled.
2014-11-26 14:30:45 5268 [Note] InnoDB: The InnoDB memory heap is disabled
2014-11-26 14:30:45 5268 [Note] InnoDB: Mutexes and rw_locks use Windows interlocked functions
2014-11-26 14:30:45 5268 [Note] InnoDB: Compressed tables use zlib 1.2.3
2014-11-26 14:30:45 5268 [Note] InnoDB: Not using CPU crc32 instructions
2014-11-26 14:30:45 5268 [Note] InnoDB: Initializing buffer pool, size = 128.0M
2014-11-26 14:30:45 5268 [Note] InnoDB: Completed initialization of buffer pool
2014-11-26 14:30:45 5268 [Note] InnoDB: Setting log file F:\programmeren 4 java\Nieuwe map\mysql\data\ib_logfile101 size to 5 MB
2014-11-26 14:30:45 5268 [Note] InnoDB: Setting log file F:\programmeren 4 java\Nieuwe map\mysql\data\ib_logfile1 size to 5 MB
2014-11-26 14:30:46 5268 [Note] InnoDB: Renaming log file F:\programmeren 4 java\Nieuwe map\mysql\data\ib_logfile101 to F:\programmeren 4 java\Nieuwe map\mysql\data\ib_logfile0
2014-11-26 14:30:46 5268 [Warning] InnoDB: New log files created, LSN=1626134
2014-11-26 14:30:46 5268 [Note] InnoDB: Highest supported file format is Barracuda.
2014-11-26 14:30:46 5268 [Note] InnoDB: 128 rollback segment(s) are active.
2014-11-26 14:30:47 5268 [Note] InnoDB: Waiting for purge to start
2014-11-26 14:30:47 5268 [Note] InnoDB: 5.6.13 started; log sequence number 1626636
2014-11-26 14:30:47 5268 [Warning] No existing UUID has been found, so we assume that this is the first time that this server has been started. Generating a new UUID: 6e3dbdc7-7570-11e4-85fe-f8bc12723492.
2014-11-26 14:30:47 5268 [Note] Server hostname (bind-address): '*'; port: 3307
2014-11-26 14:30:47 5268 [Note] IPv6 is available.
2014-11-26 14:30:47 5268 [Note]   - '::' resolves to '::';
2014-11-26 14:30:47 5268 [Note] Server socket created on IP: '::'.
2014-11-26 14:30:48 5268 [Note] Event Scheduler: Loaded 0 events
2014-11-26 14:30:48 5268 [Note] F:\programmeren 4 java\Nieuwe map/mysql/bin/mysqld_usbwv8.exe: ready for connections.
Version: '5.6.13'  socket: ''  port: 3307  MySQL Community Server (GPL)
2014-11-26 14:31:29 724 [Note] Plugin 'FEDERATED' is disabled.
2014-11-26 14:31:29 724 [Note] InnoDB: The InnoDB memory heap is disabled
2014-11-26 14:31:29 724 [Note] InnoDB: Mutexes and rw_locks use Windows interlocked functions
2014-11-26 14:31:29 724 [Note] InnoDB: Compressed tables use zlib 1.2.3
2014-11-26 14:31:29 724 [Note] InnoDB: Not using CPU crc32 instructions
2014-11-26 14:31:29 724 [Note] InnoDB: Initializing buffer pool, size = 128.0M
2014-11-26 14:31:29 724 [Note] InnoDB: Completed initialization of buffer pool
2014-11-26 14:31:29 724 [Note] InnoDB: Highest supported file format is Barracuda.
2014-11-26 14:31:29 724 [Note] InnoDB: The log sequence numbers 1626134 and 1626134 in ibdata files do not match the log sequence number 1626646 in the ib_logfiles!
2014-11-26 14:31:29 724 [Note] InnoDB: Database was not shutdown normally!
2014-11-26 14:31:29 724 [Note] InnoDB: Starting crash recovery.
2014-11-26 14:31:29 724 [Note] InnoDB: Reading tablespace information from the .ibd files...
2014-11-26 14:31:29 724 [Note] InnoDB: Restoring possible half-written data pages 
2014-11-26 14:31:29 724 [Note] InnoDB: from the doublewrite buffer...
2014-11-26 14:31:30 724 [Note] InnoDB: 128 rollback segment(s) are active.
2014-11-26 14:31:30 724 [Note] InnoDB: Waiting for purge to start
2014-11-26 14:31:30 724 [Note] InnoDB: 5.6.13 started; log sequence number 1626646
2014-11-26 14:31:30 724 [Note] Server hostname (bind-address): '*'; port: 3307
2014-11-26 14:31:30 724 [Note] IPv6 is available.
2014-11-26 14:31:30 724 [Note]   - '::' resolves to '::';
2014-11-26 14:31:30 724 [Note] Server socket created on IP: '::'.
2014-11-26 14:31:30 724 [Note] Event Scheduler: Loaded 0 events
2014-11-26 14:31:30 724 [Note] F:\programmeren 4 java\usbServer/mysql/bin/mysqld_usbwv8.exe: ready for connections.
Version: '5.6.13'  socket: ''  port: 3307  MySQL Community Server (GPL)
2014-11-27 13:23:58 2112 [Note] Plugin 'FEDERATED' is disabled.
2014-11-27 13:23:58 2112 [Note] InnoDB: The InnoDB memory heap is disabled
2014-11-27 13:23:58 2112 [Note] InnoDB: Mutexes and rw_locks use Windows interlocked functions
2014-11-27 13:23:58 2112 [Note] InnoDB: Compressed tables use zlib 1.2.3
2014-11-27 13:23:58 2112 [Note] InnoDB: Not using CPU crc32 instructions
2014-11-27 13:23:58 2112 [Note] InnoDB: Initializing buffer pool, size = 128.0M
2014-11-27 13:23:58 2112 [Note] InnoDB: Completed initialization of buffer pool
2014-11-27 13:23:58 2112 [Note] InnoDB: Highest supported file format is Barracuda.
2014-11-27 13:23:58 2112 [Note] InnoDB: The log sequence numbers 1626134 and 1626134 in ibdata files do not match the log sequence number 1756775 in the ib_logfiles!
2014-11-27 13:23:58 2112 [Note] InnoDB: Database was not shutdown normally!
2014-11-27 13:23:58 2112 [Note] InnoDB: Starting crash recovery.
2014-11-27 13:23:58 2112 [Note] InnoDB: Reading tablespace information from the .ibd files...
2014-11-27 13:23:59 2112 [Note] InnoDB: Restoring possible half-written data pages 
2014-11-27 13:23:59 2112 [Note] InnoDB: from the doublewrite buffer...
2014-11-27 13:24:00 2112 [Note] InnoDB: 128 rollback segment(s) are active.
2014-11-27 13:24:00 2112 [Note] InnoDB: Waiting for purge to start
2014-11-27 13:24:00 2112 [Note] InnoDB: 5.6.13 started; log sequence number 1756775
2014-11-27 13:24:00 2112 [Note] Server hostname (bind-address): '*'; port: 3307
2014-11-27 13:24:00 2112 [Note] IPv6 is available.
2014-11-27 13:24:00 2112 [Note]   - '::' resolves to '::';
2014-11-27 13:24:00 2112 [Note] Server socket created on IP: '::'.
2014-11-27 13:24:03 2112 [Note] Event Scheduler: Loaded 0 events
2014-11-27 13:24:03 2112 [Note] F:\programmeren 4 java\usbServer/mysql/bin/mysqld_usbwv8.exe: ready for connections.
Version: '5.6.13'  socket: ''  port: 3307  MySQL Community Server (GPL)
2014-12-03 13:30:58 1112 [Note] Plugin 'FEDERATED' is disabled.
2014-12-03 13:30:58 1112 [Note] InnoDB: The InnoDB memory heap is disabled
2014-12-03 13:30:58 1112 [Note] InnoDB: Mutexes and rw_locks use Windows interlocked functions
2014-12-03 13:30:58 1112 [Note] InnoDB: Compressed tables use zlib 1.2.3
2014-12-03 13:30:58 1112 [Note] InnoDB: Not using CPU crc32 instructions
2014-12-03 13:30:58 1112 [Note] InnoDB: Initializing buffer pool, size = 128.0M
2014-12-03 13:30:58 1112 [Note] InnoDB: Completed initialization of buffer pool
2014-12-03 13:30:58 1112 [Note] InnoDB: Highest supported file format is Barracuda.
2014-12-03 13:30:58 1112 [Note] InnoDB: The log sequence numbers 1626134 and 1626134 in ibdata files do not match the log sequence number 1864745 in the ib_logfiles!
2014-12-03 13:30:58 1112 [Note] InnoDB: Database was not shutdown normally!
2014-12-03 13:30:58 1112 [Note] InnoDB: Starting crash recovery.
2014-12-03 13:30:58 1112 [Note] InnoDB: Reading tablespace information from the .ibd files...
2014-12-03 13:30:58 1112 [Note] InnoDB: Restoring possible half-written data pages 
2014-12-03 13:30:58 1112 [Note] InnoDB: from the doublewrite buffer...
2014-12-03 13:31:00 1112 [Note] InnoDB: 128 rollback segment(s) are active.
2014-12-03 13:31:00 1112 [Note] InnoDB: Waiting for purge to start
2014-12-03 13:31:00 1112 [Note] InnoDB: 5.6.13 started; log sequence number 1864745
2014-12-03 13:31:00 1112 [Note] Server hostname (bind-address): '*'; port: 3307
2014-12-03 13:31:00 1112 [Note] IPv6 is available.
2014-12-03 13:31:00 1112 [Note]   - '::' resolves to '::';
2014-12-03 13:31:00 1112 [Note] Server socket created on IP: '::'.
2014-12-03 13:31:02 1112 [Note] Event Scheduler: Loaded 0 events
2014-12-03 13:31:02 1112 [Note] F:\programmeren 4 java\usbServer/mysql/bin/mysqld_usbwv8.exe: ready for connections.
Version: '5.6.13'  socket: ''  port: 3307  MySQL Community Server (GPL)
