::1 - - [19/Dec/2014:19:26:59 +0100] "GET /phpmyadmin/ HTTP/1.1" 200 7992
::1 - - [19/Dec/2014:19:26:59 +0100] "GET /phpmyadmin/phpmyadmin.css.php?server=1&token=991e887d2d61ee68ad72f0c837bce753&nocache=4125195912ltr HTTP/1.1" 200 88608
::1 - - [19/Dec/2014:19:26:59 +0100] "GET /phpmyadmin/js/messages.php?lang=nl&db=&server=0&token=948ef262f591a252012320517376ee7c HTTP/1.1" 200 18194
::1 - - [19/Dec/2014:19:27:02 +0100] "POST /phpmyadmin/index.php HTTP/1.1" 302 -
::1 - - [19/Dec/2014:19:27:02 +0100] "GET /phpmyadmin/index.php?token=991e887d2d61ee68ad72f0c837bce753 HTTP/1.1" 200 47764
::1 - - [19/Dec/2014:19:27:02 +0100] "GET /phpmyadmin/phpmyadmin.css.php?server=1&token=991e887d2d61ee68ad72f0c837bce753&nocache=5544209534ltr HTTP/1.1" 200 88608
::1 - - [19/Dec/2014:19:27:02 +0100] "GET /phpmyadmin/js/messages.php?lang=nl&db=&server=0&token=991e887d2d61ee68ad72f0c837bce753 HTTP/1.1" 200 18194
::1 - - [19/Dec/2014:19:27:02 +0100] "GET /phpmyadmin/version_check.php?&_nocache=1419013622821143634 HTTP/1.1" 200 39
::1 - - [19/Dec/2014:19:27:07 +0100] "GET /phpmyadmin/server_databases.php?db=&token=991e887d2d61ee68ad72f0c837bce753&ajax_request=true&ajax_page_request=true&menuHashes=a97cab5c&_nocache=1419013627384846457 HTTP/1.1" 200 39025
::1 - - [19/Dec/2014:19:27:13 +0100] "POST /phpmyadmin/db_create.php HTTP/1.1" 200 2333
::1 - - [19/Dec/2014:19:27:13 +0100] "POST /phpmyadmin/navigation.php?ajax_request=1&token=991e887d2d61ee68ad72f0c837bce753 HTTP/1.1" 200 4497
::1 - - [19/Dec/2014:19:32:02 +0100] "GET /phpmyadmin/db_structure.php?db=pastadb&token=991e887d2d61ee68ad72f0c837bce753&db=pastadb&ajax_request=true&ajax_page_request=true&menuHashes=a97cab5c-95f1c083&_nocache=141901392253097364 HTTP/1.1" 200 5606
::1 - - [19/Dec/2014:19:32:20 +0100] "POST /phpmyadmin/tbl_create.php HTTP/1.1" 200 179367
::1 - - [19/Dec/2014:19:32:20 +0100] "GET /phpmyadmin/index.php?ajax_request=1&recent_table=1&token=991e887d2d61ee68ad72f0c837bce753 HTTP/1.1" 200 219
::1 - - [19/Dec/2014:19:33:13 +0100] "POST /phpmyadmin/tbl_create.php HTTP/1.1" 200 7836
::1 - - [19/Dec/2014:19:33:14 +0100] "GET /phpmyadmin/db_structure.php?token=991e887d2d61ee68ad72f0c837bce753&server=1&db=pastadb&table=tbl_pasta&ajax_request=true&ajax_page_request=true&menuHashes=a97cab5c-95f1c083-40496cda-2a4f580a&_nocache=141901399479969722 HTTP/1.1" 200 12837
::1 - - [19/Dec/2014:19:33:14 +0100] "POST /phpmyadmin/navigation.php?ajax_request=1&token=991e887d2d61ee68ad72f0c837bce753 HTTP/1.1" 200 4497
::1 - - [19/Dec/2014:19:33:15 +0100] "GET /phpmyadmin/index.php?ajax_request=1&recent_table=1&token=991e887d2d61ee68ad72f0c837bce753 HTTP/1.1" 200 219
::1 - - [19/Dec/2014:19:43:26 +0100] "GET /phpmyadmin/navigation.php?ajax_request=1&token=991e887d2d61ee68ad72f0c837bce753&aPath=cm9vdA%3D%3D.cGFzdGFkYg%3D%3D&vPath=cm9vdA%3D%3D.cGFzdGFkYg%3D%3D&pos=0&pos2_name=&pos2_value=&searchClause=&searchClause2=&_nocache=1419014606240279622 HTTP/1.1" 200 1364
::1 - - [19/Dec/2014:19:43:27 +0100] "GET /phpmyadmin/navigation.php?ajax_request=1&token=991e887d2d61ee68ad72f0c837bce753&aPath=cm9vdA%3D%3D.cGFzdGFkYg%3D%3D.dGFibGVz.dGJsX3Bhc3Rh&vPath=cm9vdA%3D%3D.cGFzdGFkYg%3D%3D.VGFiZWxsZW4%3D.dGJsX3Bhc3Rh&pos=0&pos2_name=tables&pos2_value=0&searchClause=&searchClause2=&_nocache=1419014607850522784 HTTP/1.1" 200 3484
::1 - - [19/Dec/2014:19:43:29 +0100] "GET /phpmyadmin/navigation.php?ajax_request=1&token=991e887d2d61ee68ad72f0c837bce753&aPath=cm9vdA%3D%3D.cGFzdGFkYg%3D%3D.dGFibGVz.dGJsX3Bhc3Rh.Y29sdW1ucw%3D%3D&vPath=cm9vdA%3D%3D.cGFzdGFkYg%3D%3D.VGFiZWxsZW4%3D.dGJsX3Bhc3Rh.S29sb21tZW4%3D&pos=0&pos2_name=tables&pos2_value=0&searchClause=&searchClause2=&_nocache=1419014609602861974 HTTP/1.1" 200 3288
::1 - - [19/Dec/2014:19:43:33 +0100] "GET /phpmyadmin/sql.php?server=1&db=pastadb&table=tbl_pasta&pos=0&token=991e887d2d61ee68ad72f0c837bce753&ajax_request=true&ajax_page_request=true&menuHashes=a97cab5c-95f1c083-40496cda-2a4f580a-f455e18d&_nocache=1419014613954905193 HTTP/1.1" 200 24366
::1 - - [19/Dec/2014:19:43:34 +0100] "GET /phpmyadmin/js/get_scripts.js.php?scripts[]=tbl_structure.js&scripts[]=gis_data_editor.js&scripts[]=makegrid.js&scripts[]=sql.js HTTP/1.1" 200 50287
::1 - - [19/Dec/2014:19:43:34 +0100] "GET /phpmyadmin/index.php?ajax_request=1&recent_table=1&token=991e887d2d61ee68ad72f0c837bce753 HTTP/1.1" 200 219
::1 - - [19/Dec/2014:20:06:10 +0100] "GET /phpmyadmin/index.php?token=991e887d2d61ee68ad72f0c837bce753&ajax_request=true&ajax_page_request=true&menuHashes=a97cab5c-95f1c083-40496cda-2a4f580a-f455e18d-c79b5dbd&_nocache=1419015970444300785 HTTP/1.1" 200 37958
::1 - - [19/Dec/2014:20:06:10 +0100] "GET /phpmyadmin/version_check.php?&_nocache=1419015970677247245 HTTP/1.1" 200 39
::1 - - [19/Dec/2014:20:06:12 +0100] "GET /phpmyadmin/server_databases.php?db=&token=991e887d2d61ee68ad72f0c837bce753&ajax_request=true&ajax_page_request=true&menuHashes=a97cab5c-95f1c083-40496cda-2a4f580a-f455e18d-c79b5dbd&_nocache=1419015972145866746 HTTP/1.1" 200 36921
::1 - - [19/Dec/2014:20:06:20 +0100] "POST /phpmyadmin/db_create.php HTTP/1.1" 200 2315
::1 - - [19/Dec/2014:20:06:20 +0100] "POST /phpmyadmin/navigation.php?ajax_request=1&token=991e887d2d61ee68ad72f0c837bce753 HTTP/1.1" 200 5096
::1 - - [19/Dec/2014:20:06:22 +0100] "GET /phpmyadmin/db_structure.php?server=1&db=autodb&token=991e887d2d61ee68ad72f0c837bce753&ajax_request=true&ajax_page_request=true&menuHashes=a97cab5c-95f1c083-40496cda-2a4f580a-f455e18d-c79b5dbd&_nocache=1419015982761195025 HTTP/1.1" 200 5589
::1 - - [19/Dec/2014:20:06:51 +0100] "POST /phpmyadmin/tbl_create.php HTTP/1.1" 200 215110
::1 - - [19/Dec/2014:20:06:51 +0100] "GET /phpmyadmin/index.php?ajax_request=1&recent_table=1&token=991e887d2d61ee68ad72f0c837bce753 HTTP/1.1" 200 341
::1 - - [19/Dec/2014:20:07:37 +0100] "POST /phpmyadmin/tbl_create.php HTTP/1.1" 200 8442
::1 - - [19/Dec/2014:20:07:38 +0100] "GET /phpmyadmin/db_structure.php?token=991e887d2d61ee68ad72f0c837bce753&server=1&db=autodb&table=tbl_auto&ajax_request=true&ajax_page_request=true&menuHashes=95f1c083-40496cda-2a4f580a-f455e18d-c79b5dbd-aedcaccc-61eb92f0&_nocache=1419016058510897371 HTTP/1.1" 200 12773
::1 - - [19/Dec/2014:20:07:38 +0100] "POST /phpmyadmin/navigation.php?ajax_request=1&token=991e887d2d61ee68ad72f0c837bce753 HTTP/1.1" 200 5096
::1 - - [19/Dec/2014:20:07:38 +0100] "GET /phpmyadmin/index.php?ajax_request=1&recent_table=1&token=991e887d2d61ee68ad72f0c837bce753 HTTP/1.1" 200 341
::1 - - [19/Dec/2014:20:08:54 +0100] "GET /phpmyadmin/db_operations.php?server=1&db=autodb&token=991e887d2d61ee68ad72f0c837bce753&ajax_request=true&ajax_page_request=true&menuHashes=40496cda-2a4f580a-f455e18d-c79b5dbd-aedcaccc-61eb92f0-075347fd&_nocache=1419016134639164253 HTTP/1.1" 200 37722
::1 - - [19/Dec/2014:20:08:54 +0100] "GET /phpmyadmin/js/get_scripts.js.php?scripts[]=db_operations.js HTTP/1.1" 200 1854
::1 - - [19/Dec/2014:20:08:55 +0100] "GET /phpmyadmin/db_structure.php?server=1&db=autodb&token=991e887d2d61ee68ad72f0c837bce753&ajax_request=true&ajax_page_request=true&menuHashes=2a4f580a-f455e18d-c79b5dbd-aedcaccc-61eb92f0-075347fd-a813124e&_nocache=1419016135009925177 HTTP/1.1" 200 9455
::1 - - [19/Dec/2014:20:08:55 +0100] "GET /phpmyadmin/db_structure.php?server=1&db=autodb&token=991e887d2d61ee68ad72f0c837bce753&ajax_request=true&ajax_page_request=true&menuHashes=2a4f580a-f455e18d-c79b5dbd-aedcaccc-61eb92f0-075347fd-a813124e&_nocache=1419016135888779063 HTTP/1.1" 200 9455
::1 - - [19/Dec/2014:20:09:04 +0100] "GET /phpmyadmin/sql.php?db=autodb&token=991e887d2d61ee68ad72f0c837bce753&goto=db_structure.php&table=tbl_auto&pos=0&ajax_request=true&ajax_page_request=true&menuHashes=2a4f580a-f455e18d-c79b5dbd-aedcaccc-61eb92f0-075347fd-a813124e&_nocache=1419016144690888578 HTTP/1.1" 200 10302
::1 - - [19/Dec/2014:20:09:04 +0100] "GET /phpmyadmin/index.php?ajax_request=1&recent_table=1&token=991e887d2d61ee68ad72f0c837bce753 HTTP/1.1" 200 341
::1 - - [19/Dec/2014:20:09:35 +0100] "GET /phpmyadmin/db_structure.php?server=1&db=autodb&token=991e887d2d61ee68ad72f0c837bce753&ajax_request=true&ajax_page_request=true&menuHashes=f455e18d-c79b5dbd-aedcaccc-61eb92f0-075347fd-a813124e-24a89a58&_nocache=1419016175474181166 HTTP/1.1" 200 9455
::1 - - [19/Dec/2014:20:09:39 +0100] "GET /phpmyadmin/sql.php?db=autodb&token=991e887d2d61ee68ad72f0c837bce753&goto=db_structure.php&table=tbl_auto&pos=0&ajax_request=true&ajax_page_request=true&menuHashes=f455e18d-c79b5dbd-aedcaccc-61eb92f0-075347fd-a813124e-24a89a58&_nocache=1419016179225466303 HTTP/1.1" 200 7228
::1 - - [19/Dec/2014:20:09:39 +0100] "GET /phpmyadmin/index.php?ajax_request=1&recent_table=1&token=991e887d2d61ee68ad72f0c837bce753 HTTP/1.1" 200 341
::1 - - [19/Dec/2014:20:09:42 +0100] "GET /phpmyadmin/tbl_structure.php?db=autodb&token=991e887d2d61ee68ad72f0c837bce753&goto=db_structure.php&table=tbl_auto&ajax_request=true&ajax_page_request=true&menuHashes=f455e18d-c79b5dbd-aedcaccc-61eb92f0-075347fd-a813124e-24a89a58&_nocache=1419016182817836269 HTTP/1.1" 200 37487
::1 - - [19/Dec/2014:20:09:43 +0100] "GET /phpmyadmin/index.php?ajax_request=1&recent_table=1&token=991e887d2d61ee68ad72f0c837bce753 HTTP/1.1" 200 341
::1 - - [19/Dec/2014:20:18:04 +0100] "GET /phpmyadmin/db_structure.php?server=1&db=frituurdb&token=991e887d2d61ee68ad72f0c837bce753&ajax_request=true&ajax_page_request=true&menuHashes=c79b5dbd-aedcaccc-61eb92f0-075347fd-a813124e-24a89a58-19ceeb44&_nocache=141901668430653296 HTTP/1.1" 200 5646
::1 - - [19/Dec/2014:20:18:05 +0100] "GET /phpmyadmin/navigation.php?ajax_request=1&token=991e887d2d61ee68ad72f0c837bce753&aPath=cm9vdA%3D%3D.ZnJpdHV1cmRi&vPath=cm9vdA%3D%3D.ZnJpdHV1cmRi&pos=0&pos2_name=&pos2_value=&searchClause=&searchClause2=&_nocache=1419016685899685390 HTTP/1.1" 200 2951
::1 - - [19/Dec/2014:20:18:07 +0100] "GET /phpmyadmin/navigation.php?ajax_request=1&token=991e887d2d61ee68ad72f0c837bce753&aPath=cm9vdA%3D%3D.ZnJpdHV1cmRi.dGFibGVz.dGJsX2ZyaWV0&vPath=cm9vdA%3D%3D.ZnJpdHV1cmRi.VGFiZWxsZW4%3D.dGJsX2ZyaWV0&pos=0&pos2_name=tables&pos2_value=0&searchClause=&searchClause2=&_nocache=1419016687385945836 HTTP/1.1" 200 97
::1 - - [19/Dec/2014:20:18:08 +0100] "GET /phpmyadmin/sql.php?server=1&db=frituurdb&table=tbl_friet&pos=0&token=991e887d2d61ee68ad72f0c837bce753&ajax_request=true&ajax_page_request=true&menuHashes=aedcaccc-61eb92f0-075347fd-a813124e-24a89a58-19ceeb44-07c26eaa&_nocache=1419016688920366413 HTTP/1.1" 200 184
::1 - - [19/Dec/2014:20:18:13 +0100] "GET /phpmyadmin/sql.php?server=1&db=frituurdb&table=tbl_saus&pos=0&token=991e887d2d61ee68ad72f0c837bce753&ajax_request=true&ajax_page_request=true&menuHashes=aedcaccc-61eb92f0-075347fd-a813124e-24a89a58-19ceeb44-07c26eaa&_nocache=1419016693467660890 HTTP/1.1" 200 183
::1 - - [19/Dec/2014:20:18:14 +0100] "GET /phpmyadmin/navigation.php?ajax_request=1&token=991e887d2d61ee68ad72f0c837bce753&aPath=cm9vdA%3D%3D.ZnJpdHV1cmRi.dGFibGVz.dGJsX3NhdXM%3D&vPath=cm9vdA%3D%3D.ZnJpdHV1cmRi.VGFiZWxsZW4%3D.dGJsX3NhdXM%3D&pos=0&pos2_name=tables&pos2_value=0&searchClause=&searchClause2=&_nocache=1419016694787520865 HTTP/1.1" 200 97
::1 - - [19/Dec/2014:20:18:15 +0100] "GET /phpmyadmin/tbl_structure.php?server=1&db=frituurdb&table=tbl_saus&token=991e887d2d61ee68ad72f0c837bce753&ajax_request=true&ajax_page_request=true&menuHashes=aedcaccc-61eb92f0-075347fd-a813124e-24a89a58-19ceeb44-07c26eaa&_nocache=1419016695779836477 HTTP/1.1" 200 13706
::1 - - [19/Dec/2014:20:18:16 +0100] "GET /phpmyadmin/index.php?ajax_request=1&recent_table=1&token=991e887d2d61ee68ad72f0c837bce753 HTTP/1.1" 200 469
::1 - - [19/Dec/2014:20:18:16 +0100] "GET /phpmyadmin/sql.php?server=1&db=frituurdb&table=tbl_saus&pos=0&token=991e887d2d61ee68ad72f0c837bce753&ajax_request=true&ajax_page_request=true&menuHashes=61eb92f0-075347fd-a813124e-24a89a58-19ceeb44-07c26eaa-4bd2ff29&_nocache=1419016696595324778 HTTP/1.1" 200 183
::1 - - [19/Dec/2014:20:18:20 +0100] "GET /phpmyadmin/navigation.php?ajax_request=1&token=991e887d2d61ee68ad72f0c837bce753&aPath=cm9vdA%3D%3D.ZnJpdHV1cmRi.dGFibGVz.dGJsX3NuYWNr&vPath=cm9vdA%3D%3D.ZnJpdHV1cmRi.VGFiZWxsZW4%3D.dGJsX3NuYWNr&pos=0&pos2_name=tables&pos2_value=0&searchClause=&searchClause2=&_nocache=1419016700665762916 HTTP/1.1" 200 97
::1 - - [19/Dec/2014:20:18:21 +0100] "GET /phpmyadmin/sql.php?server=1&db=frituurdb&table=tbl_snack&pos=0&token=991e887d2d61ee68ad72f0c837bce753&ajax_request=true&ajax_page_request=true&menuHashes=61eb92f0-075347fd-a813124e-24a89a58-19ceeb44-07c26eaa-4bd2ff29&_nocache=1419016701626725533 HTTP/1.1" 200 184
::1 - - [19/Dec/2014:20:18:26 +0100] "GET /phpmyadmin/index.php?token=991e887d2d61ee68ad72f0c837bce753&ajax_request=true&ajax_page_request=true&menuHashes=61eb92f0-075347fd-a813124e-24a89a58-19ceeb44-07c26eaa-4bd2ff29&_nocache=1419016706345729253 HTTP/1.1" 200 40751
::1 - - [19/Dec/2014:20:18:26 +0100] "GET /phpmyadmin/version_check.php?&_nocache=1419016706507751860 HTTP/1.1" 200 39
::1 - - [19/Dec/2014:20:18:31 +0100] "GET /phpmyadmin/index.php?token=991e887d2d61ee68ad72f0c837bce753&ajax_request=true&ajax_page_request=true&menuHashes=075347fd-a813124e-24a89a58-19ceeb44-07c26eaa-4bd2ff29-a97cab5c&_nocache=1419016711497691009 HTTP/1.1" 200 37958
::1 - - [19/Dec/2014:20:18:31 +0100] "GET /phpmyadmin/version_check.php?&_nocache=141901671165426615 HTTP/1.1" 200 39
::1 - - [19/Dec/2014:20:18:33 +0100] "GET /phpmyadmin/server_databases.php?db=&token=991e887d2d61ee68ad72f0c837bce753&ajax_request=true&ajax_page_request=true&menuHashes=075347fd-a813124e-24a89a58-19ceeb44-07c26eaa-4bd2ff29-a97cab5c&_nocache=1419016713344461481 HTTP/1.1" 200 40443
::1 - - [19/Dec/2014:20:18:39 +0100] "POST /phpmyadmin/server_databases.php?pos=0&dbstats=0&sort_by=SCHEMA_NAME&sort_order=asc&drop_selected_dbs=1&token=991e887d2d61ee68ad72f0c837bce753&selected_dbs%5B%5D=frituurdb&drop_selected_dbs=1&is_js_confirmed=1&ajax_request=true HTTP/1.1" 200 1299
::1 - - [19/Dec/2014:20:19:26 +0100] "GET /phpmyadmin/db_structure.php?server=1&db=pastadb&token=991e887d2d61ee68ad72f0c837bce753&ajax_request=true&ajax_page_request=true&menuHashes=a813124e-24a89a58-19ceeb44-07c26eaa-4bd2ff29-a97cab5c-95f1c083&_nocache=1419016766402787003 HTTP/1.1" 200 12639
::1 - - [19/Dec/2014:20:19:28 +0100] "GET /phpmyadmin/db_export.php?db=pastadb&token=991e887d2d61ee68ad72f0c837bce753&ajax_request=true&ajax_page_request=true&menuHashes=24a89a58-19ceeb44-07c26eaa-4bd2ff29-a97cab5c-95f1c083-40496cda&_nocache=141901676824830886 HTTP/1.1" 200 35922
::1 - - [19/Dec/2014:20:19:28 +0100] "GET /phpmyadmin/js/get_scripts.js.php?scripts[]=export.js HTTP/1.1" 200 5954
::1 - - [19/Dec/2014:20:19:31 +0100] "POST /phpmyadmin/export.php HTTP/1.1" 200 1331
::1 - - [19/Dec/2014:20:19:57 +0100] "GET /phpmyadmin/db_structure.php?server=1&db=autodb&token=991e887d2d61ee68ad72f0c837bce753&ajax_request=true&ajax_page_request=true&menuHashes=19ceeb44-07c26eaa-4bd2ff29-a97cab5c-95f1c083-40496cda-c5d5a4d3&_nocache=141901679756147509 HTTP/1.1" 200 12589
::1 - - [19/Dec/2014:20:19:59 +0100] "GET /phpmyadmin/db_export.php?db=autodb&token=991e887d2d61ee68ad72f0c837bce753&ajax_request=true&ajax_page_request=true&menuHashes=07c26eaa-4bd2ff29-a97cab5c-95f1c083-40496cda-c5d5a4d3-aedcaccc&_nocache=1419016799696134501 HTTP/1.1" 200 35900
::1 - - [19/Dec/2014:20:20:01 +0100] "POST /phpmyadmin/export.php HTTP/1.1" 200 1384
::1 - - [19/Dec/2014:20:20:59 +0100] "GET /phpmyadmin/index.php?token=991e887d2d61ee68ad72f0c837bce753 HTTP/1.1" 200 48638
::1 - - [19/Dec/2014:20:20:59 +0100] "GET /phpmyadmin/themes/pmahomme/jquery/jquery-ui-1.9.2.custom.css HTTP/1.1" 304 -
::1 - - [19/Dec/2014:20:20:59 +0100] "GET /phpmyadmin/themes/pmahomme/img/logo_left.png HTTP/1.1" 304 -
::1 - - [19/Dec/2014:20:20:59 +0100] "GET /phpmyadmin/themes/dot.gif HTTP/1.1" 304 -
::1 - - [19/Dec/2014:20:20:59 +0100] "GET /phpmyadmin/themes/pmahomme/img/ajax_clock_small.gif HTTP/1.1" 304 -
::1 - - [19/Dec/2014:20:20:59 +0100] "GET /phpmyadmin/js/get_scripts.js.php?scripts[]=jquery/jquery-1.8.3.js&scripts[]=ajax.js&scripts[]=keyhandler.js&scripts[]=jquery/jquery-ui-1.9.2.custom.js&scripts[]=jquery/jquery.sprintf.js&scripts[]=jquery/jquery.cookie.js&scripts[]=jquery/jquery.mousewheel.js&scripts[]=jquery/jquery.event.drag-2.2.js&scripts[]=jquery/jquery-ui-timepicker-addon.js&scripts[]=jquery/jquery.ba-hashchange-1.3.js&scripts[]=jquery/jquery.debounce-1.0.5.js&scripts[]=jquery/jquery.menuResizer-1.0.js&scripts[]=rte.js&scripts[]=functions.js&scripts[]=navigation.js&scripts[]=indexes.js&scripts[]=common.js&scripts[]=codemirror/lib/codemirror.js&scripts[]=codemirror/mode/mysql/mysql.js HTTP/1.1" 200 578562
::1 - - [19/Dec/2014:20:20:59 +0100] "GET /phpmyadmin/phpmyadmin.css.php?server=1&token=991e887d2d61ee68ad72f0c837bce753&nocache=5544209534ltr HTTP/1.1" 200 88608
::1 - - [19/Dec/2014:20:20:59 +0100] "GET /phpmyadmin/js/get_image.js.php?theme=pmahomme HTTP/1.1" 200 6263
::1 - - [19/Dec/2014:20:20:59 +0100] "GET /phpmyadmin/js/messages.php?lang=nl&db=&server=0&token=991e887d2d61ee68ad72f0c837bce753 HTTP/1.1" 200 18194
::1 - - [19/Dec/2014:20:20:59 +0100] "GET /phpmyadmin/db_export.php?db=autodb&table=&server=1&target=&token=991e887d2d61ee68ad72f0c837bce753 HTTP/1.1" 200 43899
::1 - - [19/Dec/2014:20:21:00 +0100] "GET /phpmyadmin/js/get_scripts.js.php?scripts[]=jquery/jquery-1.8.3.js&scripts[]=ajax.js&scripts[]=keyhandler.js&scripts[]=jquery/jquery-ui-1.9.2.custom.js&scripts[]=jquery/jquery.sprintf.js&scripts[]=jquery/jquery.cookie.js&scripts[]=jquery/jquery.mousewheel.js&scripts[]=jquery/jquery.event.drag-2.2.js&scripts[]=jquery/jquery-ui-timepicker-addon.js&scripts[]=jquery/jquery.ba-hashchange-1.3.js&scripts[]=jquery/jquery.debounce-1.0.5.js&scripts[]=jquery/jquery.menuResizer-1.0.js&scripts[]=rte.js&scripts[]=functions.js&scripts[]=navigation.js&scripts[]=indexes.js&scripts[]=common.js&scripts[]=export.js&scripts[]=codemirror/lib/codemirror.js&scripts[]=codemirror/mode/mysql/mysql.js HTTP/1.1" 200 584516
::1 - - [19/Dec/2014:20:21:00 +0100] "GET /phpmyadmin/js/messages.php?lang=nl&db=autodb&token=991e887d2d61ee68ad72f0c837bce753 HTTP/1.1" 200 18194
::1 - - [19/Dec/2014:20:21:00 +0100] "GET /phpmyadmin/favicon.ico HTTP/1.1" 200 18902
::1 - - [19/Dec/2014:20:21:03 +0100] "GET /phpmyadmin/db_import.php?db=autodb&token=991e887d2d61ee68ad72f0c837bce753&ajax_request=true&ajax_page_request=true&menuHashes=b55f79e1&_nocache=141901686362821192 HTTP/1.1" 200 15917
::1 - - [19/Dec/2014:20:21:19 +0100] "POST /phpmyadmin/import.php HTTP/1.1" 200 31534
::1 - - [19/Dec/2014:20:21:20 +0100] "GET /phpmyadmin/js/get_scripts.js.php?scripts[]=jquery/jquery-1.8.3.js&scripts[]=ajax.js&scripts[]=keyhandler.js&scripts[]=jquery/jquery-ui-1.9.2.custom.js&scripts[]=jquery/jquery.sprintf.js&scripts[]=jquery/jquery.cookie.js&scripts[]=jquery/jquery.mousewheel.js&scripts[]=jquery/jquery.event.drag-2.2.js&scripts[]=jquery/jquery-ui-timepicker-addon.js&scripts[]=jquery/jquery.ba-hashchange-1.3.js&scripts[]=jquery/jquery.debounce-1.0.5.js&scripts[]=jquery/jquery.menuResizer-1.0.js&scripts[]=rte.js&scripts[]=functions.js&scripts[]=navigation.js&scripts[]=indexes.js&scripts[]=common.js&scripts[]=import.js&scripts[]=codemirror/lib/codemirror.js&scripts[]=codemirror/mode/mysql/mysql.js HTTP/1.1" 200 580146
::1 - - [19/Dec/2014:20:21:20 +0100] "GET /phpmyadmin/js/messages.php?lang=nl&db=autodb&server=0&token=991e887d2d61ee68ad72f0c837bce753 HTTP/1.1" 200 18194
::1 - - [19/Dec/2014:20:21:36 +0100] "POST /phpmyadmin/import.php HTTP/1.1" 200 16762
::1 - - [19/Dec/2014:20:21:36 +0100] "GET /phpmyadmin/themes/pmahomme/jquery/jquery-ui-1.9.2.custom.css HTTP/1.1" 304 -
::1 - - [19/Dec/2014:20:21:36 +0100] "GET /phpmyadmin/themes/pmahomme/img/logo_left.png HTTP/1.1" 304 -
::1 - - [19/Dec/2014:20:21:36 +0100] "GET /phpmyadmin/themes/dot.gif HTTP/1.1" 304 -
::1 - - [19/Dec/2014:20:21:36 +0100] "GET /phpmyadmin/themes/pmahomme/img/ajax_clock_small.gif HTTP/1.1" 304 -
::1 - - [19/Dec/2014:20:21:36 +0100] "GET /phpmyadmin/phpmyadmin.css.php?server=1&token=991e887d2d61ee68ad72f0c837bce753&nocache=5544209534ltr HTTP/1.1" 200 88608
::1 - - [19/Dec/2014:20:21:36 +0100] "GET /phpmyadmin/js/messages.php?lang=nl&db=autodb&server=0&token=991e887d2d61ee68ad72f0c837bce753 HTTP/1.1" 200 18194
::1 - - [19/Dec/2014:20:21:36 +0100] "GET /phpmyadmin/js/get_image.js.php?theme=pmahomme HTTP/1.1" 200 6263
::1 - - [19/Dec/2014:20:21:36 +0100] "GET /phpmyadmin/themes/pmahomme/img/left_nav_bg.png HTTP/1.1" 304 -
::1 - - [19/Dec/2014:20:21:36 +0100] "GET /phpmyadmin/themes/pmahomme/img/sprites.png HTTP/1.1" 304 -
::1 - - [19/Dec/2014:20:21:46 +0100] "GET /phpmyadmin/db_import.php?db=autodb&token=991e887d2d61ee68ad72f0c837bce753&no_history=true&ajax_request=true&ajax_page_request=true&_nocache=1419016906584754441 HTTP/1.1" 200 15917
::1 - - [19/Dec/2014:20:22:02 +0100] "POST /phpmyadmin/import.php HTTP/1.1" 200 16762
::1 - - [19/Dec/2014:20:22:13 +0100] "GET /phpmyadmin/index.php?token=991e887d2d61ee68ad72f0c837bce753&ajax_request=true&ajax_page_request=true&_nocache=1419016933284996268 HTTP/1.1" 200 40751
::1 - - [19/Dec/2014:20:22:13 +0100] "GET /phpmyadmin/version_check.php?&_nocache=1419016933442693067 HTTP/1.1" 200 39
::1 - - [19/Dec/2014:20:22:25 +0100] "GET /phpmyadmin/server_import.php?db=&token=991e887d2d61ee68ad72f0c837bce753&ajax_request=true&ajax_page_request=true&menuHashes=a97cab5c&_nocache=1419016945032457166 HTTP/1.1" 200 15521
::1 - - [19/Dec/2014:20:22:57 +0100] "POST /phpmyadmin/import.php HTTP/1.1" 200 20646
::1 - - [19/Dec/2014:20:28:35 +0100] "POST /phpmyadmin/import.php HTTP/1.1" 200 24236
::1 - - [19/Dec/2014:20:28:36 +0100] "GET /phpmyadmin/themes/pmahomme/jquery/jquery-ui-1.9.2.custom.css HTTP/1.1" 304 -
::1 - - [19/Dec/2014:20:28:36 +0100] "GET /phpmyadmin/themes/pmahomme/img/logo_left.png HTTP/1.1" 304 -
::1 - - [19/Dec/2014:20:28:36 +0100] "GET /phpmyadmin/themes/dot.gif HTTP/1.1" 304 -
::1 - - [19/Dec/2014:20:28:36 +0100] "GET /phpmyadmin/themes/pmahomme/img/ajax_clock_small.gif HTTP/1.1" 304 -
::1 - - [19/Dec/2014:20:28:36 +0100] "GET /phpmyadmin/phpmyadmin.css.php?server=1&token=991e887d2d61ee68ad72f0c837bce753&nocache=5544209534ltr HTTP/1.1" 200 88608
::1 - - [19/Dec/2014:20:28:36 +0100] "GET /phpmyadmin/js/get_image.js.php?theme=pmahomme HTTP/1.1" 200 6263
::1 - - [19/Dec/2014:20:28:36 +0100] "GET /phpmyadmin/js/messages.php?lang=nl&db=autodb&server=0&token=991e887d2d61ee68ad72f0c837bce753 HTTP/1.1" 200 18194
::1 - - [19/Dec/2014:20:28:36 +0100] "GET /phpmyadmin/index.php?db=&table=&server=1&target=&token=991e887d2d61ee68ad72f0c837bce753 HTTP/1.1" 200 48603
::1 - - [19/Dec/2014:20:28:36 +0100] "GET /phpmyadmin/js/messages.php?lang=nl&db=&token=991e887d2d61ee68ad72f0c837bce753 HTTP/1.1" 200 18194
::1 - - [19/Dec/2014:20:28:36 +0100] "GET /phpmyadmin/version_check.php?&_nocache=1419017316758224020 HTTP/1.1" 200 39
::1 - - [19/Dec/2014:20:28:41 +0100] "GET /phpmyadmin/server_import.php?db=&token=991e887d2d61ee68ad72f0c837bce753&ajax_request=true&ajax_page_request=true&menuHashes=a97cab5c&_nocache=1419017321872456590 HTTP/1.1" 200 15521
::1 - - [19/Dec/2014:20:28:42 +0100] "GET /phpmyadmin/js/get_scripts.js.php?scripts[]=import.js HTTP/1.1" 200 1584
::1 - - [19/Dec/2014:20:28:47 +0100] "POST /phpmyadmin/import.php HTTP/1.1" 200 20646
::1 - - [19/Dec/2014:20:31:51 +0100] "GET /phpmyadmin/server_databases.php?db=&token=991e887d2d61ee68ad72f0c837bce753&ajax_request=true&ajax_page_request=true&_nocache=1419017511978824992 HTTP/1.1" 200 39716
::1 - - [19/Dec/2014:20:31:52 +0100] "GET /phpmyadmin/js/get_scripts.js.php?scripts[]=server_databases.js HTTP/1.1" 200 1818
::1 - - [19/Dec/2014:20:31:57 +0100] "POST /phpmyadmin/db_create.php HTTP/1.1" 200 2369
::1 - - [19/Dec/2014:20:31:57 +0100] "POST /phpmyadmin/navigation.php?ajax_request=1&token=991e887d2d61ee68ad72f0c837bce753 HTTP/1.1" 200 5096
::1 - - [19/Dec/2014:20:31:59 +0100] "GET /phpmyadmin/db_structure.php?server=1&db=frituurdb&token=991e887d2d61ee68ad72f0c837bce753&ajax_request=true&ajax_page_request=true&menuHashes=95f1c083&_nocache=1419017519929510776 HTTP/1.1" 200 5646
::1 - - [19/Dec/2014:20:32:00 +0100] "GET /phpmyadmin/js/get_scripts.js.php?scripts[]=db_structure.js&scripts[]=tbl_change.js HTTP/1.1" 200 12382
::1 - - [19/Dec/2014:20:32:02 +0100] "GET /phpmyadmin/db_import.php?db=frituurdb&token=991e887d2d61ee68ad72f0c837bce753&ajax_request=true&ajax_page_request=true&menuHashes=95f1c083-07c26eaa&_nocache=1419017522234673266 HTTP/1.1" 200 15977
::1 - - [19/Dec/2014:20:32:44 +0100] "POST /phpmyadmin/import.php HTTP/1.1" 200 32194
::1 - - [19/Dec/2014:20:32:45 +0100] "GET /phpmyadmin/js/messages.php?lang=nl&db=frituurdb&server=0&token=991e887d2d61ee68ad72f0c837bce753 HTTP/1.1" 200 18194
::1 - - [19/Dec/2014:20:32:49 +0100] "GET /phpmyadmin/navigation.php?ajax_request=1&token=991e887d2d61ee68ad72f0c837bce753&aPath=cm9vdA%3D%3D.ZnJpdHV1cmRi&vPath=cm9vdA%3D%3D.ZnJpdHV1cmRi&pos=0&pos2_name=&pos2_value=&searchClause=&searchClause2=&_nocache=1419017569793298406 HTTP/1.1" 200 1372
::1 - - [19/Dec/2014:20:32:51 +0100] "GET /phpmyadmin/navigation.php?ajax_request=1&token=991e887d2d61ee68ad72f0c837bce753&aPath=cm9vdA%3D%3D.ZnJpdHV1cmRi.dGFibGVz.dGJsX3NuYWNr&vPath=cm9vdA%3D%3D.ZnJpdHV1cmRi.VGFiZWxsZW4%3D.dGJsX3NuYWNr&pos=0&pos2_name=tables&pos2_value=0&searchClause=&searchClause2=&_nocache=1419017571082690256 HTTP/1.1" 200 3500
::1 - - [19/Dec/2014:20:32:53 +0100] "GET /phpmyadmin/navigation.php?ajax_request=1&token=991e887d2d61ee68ad72f0c837bce753&aPath=cm9vdA%3D%3D.ZnJpdHV1cmRi.dGFibGVz.dGJsX3NuYWNr.Y29sdW1ucw%3D%3D&vPath=cm9vdA%3D%3D.ZnJpdHV1cmRi.VGFiZWxsZW4%3D.dGJsX3NuYWNr.S29sb21tZW4%3D&pos=0&pos2_name=tables&pos2_value=0&searchClause=&searchClause2=&_nocache=1419017573146958998 HTTP/1.1" 200 2670
::1 - - [19/Dec/2014:20:33:45 +0100] "GET /phpmyadmin/db_structure.php?server=1&db=frituurdb&token=991e887d2d61ee68ad72f0c837bce753&ajax_request=true&ajax_page_request=true&_nocache=1419017625857713940 HTTP/1.1" 200 12711
::1 - - [19/Dec/2014:20:34:35 +0100] "GET /phpmyadmin/tbl_create.php?server=1&db=frituurdb&token=991e887d2d61ee68ad72f0c837bce753&ajax_request=true&ajax_page_request=true&menuHashes=07c26eaa&_nocache=141901767543698817 HTTP/1.1" 200 179265
::1 - - [19/Dec/2014:20:34:48 +0100] "GET /phpmyadmin/sql.php?server=1&db=frituurdb&table=tbl_snack&pos=0&token=991e887d2d61ee68ad72f0c837bce753&ajax_request=true&ajax_page_request=true&menuHashes=07c26eaa-f13e7e2c&_nocache=1419017688690908032 HTTP/1.1" 200 24046
::1 - - [19/Dec/2014:20:34:48 +0100] "GET /phpmyadmin/index.php?ajax_request=1&recent_table=1&token=991e887d2d61ee68ad72f0c837bce753 HTTP/1.1" 200 599
::1 - - [19/Dec/2014:20:34:56 +0100] "GET /phpmyadmin/db_structure.php?server=1&db=frituurdb&token=991e887d2d61ee68ad72f0c837bce753&ajax_request=true&ajax_page_request=true&menuHashes=07c26eaa-f13e7e2c-d7665865&_nocache=1419017696323798306 HTTP/1.1" 200 9532
::1 - - [19/Dec/2014:20:35:03 +0100] "GET /phpmyadmin/sql.php?db=frituurdb&token=991e887d2d61ee68ad72f0c837bce753&goto=db_structure.php&table=tbl_snack&reload=1&purge=1&sql_query=DROP+TABLE+%60tbl_snack%60&message_to_show=Tabel+tbl_snack+is+vervallen&is_js_confirmed=1&ajax_request=true&_nocache=1419017703620348592 HTTP/1.1" 200 1822
::1 - - [19/Dec/2014:20:35:03 +0100] "POST /phpmyadmin/navigation.php?ajax_request=1&token=991e887d2d61ee68ad72f0c837bce753 HTTP/1.1" 200 5104
::1 - - [19/Dec/2014:20:35:08 +0100] "GET /phpmyadmin/db_structure.php?server=1&db=frituurdb&token=991e887d2d61ee68ad72f0c837bce753&ajax_request=true&ajax_page_request=true&menuHashes=07c26eaa-f13e7e2c-d7665865&_nocache=1419017708514242086 HTTP/1.1" 200 2467
::1 - - [19/Dec/2014:20:35:28 +0100] "POST /phpmyadmin/tbl_create.php HTTP/1.1" 200 179401
::1 - - [19/Dec/2014:20:35:28 +0100] "GET /phpmyadmin/index.php?ajax_request=1&recent_table=1&token=991e887d2d61ee68ad72f0c837bce753 HTTP/1.1" 200 729
::1 - - [19/Dec/2014:20:35:52 +0100] "POST /phpmyadmin/tbl_create.php HTTP/1.1" 200 6978
::1 - - [19/Dec/2014:20:35:52 +0100] "GET /phpmyadmin/db_structure.php?token=991e887d2d61ee68ad72f0c837bce753&server=1&db=frituurdb&table=tbl_friet&ajax_request=true&ajax_page_request=true&menuHashes=07c26eaa-f13e7e2c-d7665865-f0247e73&_nocache=1419017752983507480 HTTP/1.1" 200 12905
::1 - - [19/Dec/2014:20:35:52 +0100] "POST /phpmyadmin/navigation.php?ajax_request=1&token=991e887d2d61ee68ad72f0c837bce753 HTTP/1.1" 200 6524
::1 - - [19/Dec/2014:20:35:53 +0100] "GET /phpmyadmin/index.php?ajax_request=1&recent_table=1&token=991e887d2d61ee68ad72f0c837bce753 HTTP/1.1" 200 729
::1 - - [19/Dec/2014:20:35:58 +0100] "GET /phpmyadmin/tbl_create.php?server=1&db=frituurdb&token=991e887d2d61ee68ad72f0c837bce753&ajax_request=true&ajax_page_request=true&menuHashes=07c26eaa-f13e7e2c-d7665865-f0247e73-8dc51e33&_nocache=141901775884977492 HTTP/1.1" 200 176109
::1 - - [19/Dec/2014:20:36:24 +0100] "POST /phpmyadmin/tbl_create.php HTTP/1.1" 200 6960
::1 - - [19/Dec/2014:20:36:25 +0100] "GET /phpmyadmin/db_structure.php?token=991e887d2d61ee68ad72f0c837bce753&server=1&db=frituurdb&table=&ajax_request=true&ajax_page_request=true&menuHashes=07c26eaa-f13e7e2c-d7665865-f0247e73-8dc51e33&_nocache=1419017785413500405 HTTP/1.1" 200 12362
::1 - - [19/Dec/2014:20:36:25 +0100] "POST /phpmyadmin/navigation.php?ajax_request=1&token=991e887d2d61ee68ad72f0c837bce753 HTTP/1.1" 200 7312
::1 - - [19/Dec/2014:20:36:27 +0100] "GET /phpmyadmin/tbl_create.php?server=1&db=frituurdb&token=991e887d2d61ee68ad72f0c837bce753&ajax_request=true&ajax_page_request=true&menuHashes=07c26eaa-f13e7e2c-d7665865-f0247e73-8dc51e33&_nocache=1419017787905214531 HTTP/1.1" 200 176109
::1 - - [19/Dec/2014:20:37:04 +0100] "POST /phpmyadmin/tbl_create.php HTTP/1.1" 200 6978
::1 - - [19/Dec/2014:20:37:05 +0100] "GET /phpmyadmin/db_structure.php?token=991e887d2d61ee68ad72f0c837bce753&server=1&db=frituurdb&table=&ajax_request=true&ajax_page_request=true&menuHashes=07c26eaa-f13e7e2c-d7665865-f0247e73-8dc51e33&_nocache=1419017825020501661 HTTP/1.1" 200 15199
::1 - - [19/Dec/2014:20:37:05 +0100] "POST /phpmyadmin/navigation.php?ajax_request=1&token=991e887d2d61ee68ad72f0c837bce753 HTTP/1.1" 200 8103
::1 - - [19/Dec/2014:20:38:39 +0100] "GET /phpmyadmin/db_structure.php?server=1&db=frituurdb&token=991e887d2d61ee68ad72f0c837bce753&ajax_request=true&ajax_page_request=true&menuHashes=07c26eaa-f13e7e2c-d7665865-f0247e73-8dc51e33&_nocache=1419017919713163433 HTTP/1.1" 200 15190
::1 - - [19/Dec/2014:20:38:42 +0100] "GET /phpmyadmin/db_export.php?db=frituurdb&token=991e887d2d61ee68ad72f0c837bce753&ajax_request=true&ajax_page_request=true&menuHashes=07c26eaa-f13e7e2c-d7665865-f0247e73-8dc51e33&_nocache=1419017922880389741 HTTP/1.1" 200 36134
